2022-09-11 12:00:42 - Starting CreditCardBillPaymentSystemApplication using Java 17.0.1 on LIN73001879 with PID 14532 (C:\Users\akgajend\Downloads\CREDIT-CARD-BILL-PAYMENT-SYSTEM\target\classes started by akgajend in C:\Users\akgajend\Downloads\CREDIT-CARD-BILL-PAYMENT-SYSTEM)
2022-09-11 12:00:42 - No active profile set, falling back to default profiles: default
2022-09-11 12:00:42 - Devtools property defaults active! Set 'spring.devtools.add-properties' to 'false' to disable
2022-09-11 12:00:42 - For additional web related logging consider setting the 'logging.level.web' property to 'DEBUG'
2022-09-11 12:00:43 - Bootstrapping Spring Data JPA repositories in DEFAULT mode.
2022-09-11 12:00:43 - Finished Spring Data repository scanning in 98 ms. Found 7 JPA repository interfaces.
2022-09-11 12:00:44 - Tomcat initialized with port(s): 1234 (http)
2022-09-11 12:00:44 - Starting service [Tomcat]
2022-09-11 12:00:44 - Starting Servlet engine: [Apache Tomcat/9.0.48]
2022-09-11 12:00:44 - At least one JAR was scanned for TLDs yet contained no TLDs. Enable debug logging for this logger for a complete list of JARs that were scanned but no TLDs were found in them. Skipping unneeded JARs during scanning can improve startup time and JSP compilation time.
2022-09-11 12:00:44 - Initializing Spring embedded WebApplicationContext
2022-09-11 12:00:44 - Root WebApplicationContext: initialization completed in 1736 ms
2022-09-11 12:00:44 - HHH000204: Processing PersistenceUnitInfo [name: default]
2022-09-11 12:00:44 - HHH000412: Hibernate ORM core version 5.4.32.Final
2022-09-11 12:00:44 - HCANN000001: Hibernate Commons Annotations {5.1.2.Final}
2022-09-11 12:00:44 - HikariPool-1 - Starting...
2022-09-11 12:00:45 - HikariPool-1 - Start completed.
2022-09-11 12:00:45 - HHH000400: Using dialect: org.hibernate.dialect.PostgreSQLDialect
2022-09-11 12:00:45 - HHH000490: Using JtaPlatform implementation: [org.hibernate.engine.transaction.jta.platform.internal.NoJtaPlatform]
2022-09-11 12:00:45 - Initialized JPA EntityManagerFactory for persistence unit 'default'
2022-09-11 12:00:46 - spring.jpa.open-in-view is enabled by default. Therefore, database queries may be performed during view rendering. Explicitly configure spring.jpa.open-in-view to disable this warning
2022-09-11 12:00:46 - Mapped URL path [/v2/api-docs] onto method [springfox.documentation.swagger2.web.Swagger2Controller#getDocumentation(String, HttpServletRequest)]
2022-09-11 12:00:46 - LiveReload server is running on port 35729
2022-09-11 12:00:47 - Tomcat started on port(s): 1234 (http) with context path ''
2022-09-11 12:00:47 - Context refreshed
2022-09-11 12:00:47 - Found 1 custom documentation plugin(s)
2022-09-11 12:00:47 - Scanning for api listing references
2022-09-11 12:00:47 - Started CreditCardBillPaymentSystemApplication in 5.206 seconds (JVM running for 6.013)
2022-09-11 12:21:32 - Application shutdown requested.
2022-09-11 12:21:32 - Closing JPA EntityManagerFactory for persistence unit 'default'
2022-09-11 12:21:32 - HikariPool-1 - Shutdown initiated...
2022-09-11 12:21:32 - HikariPool-1 - Shutdown completed.
